<?xml version="1.0" encoding="UTF-8"?>
<!-- Generated by org.testng.reporters.JUnitXMLReporter -->
<testsuite ignored="0" hostname="Puja_Dhotri" failures="1" tests="1" name="AllTestsFromTestsPackage(failed)" time="4.831" errors="0" timestamp="2025-08-12T02:30:29 IST">
  <testcase classname="tests.RegisterTest" name="registerTest" time="2.038">
    <failure type="java.lang.AssertionError" message="Account is not created expected [true] but found [false]">
      <![CDATA[java.lang.AssertionError: Account is not created expected [true] but found [false]
at pages.RegisterPage.accRegistrationSuccessful(RegisterPage.java:82)
at tests.RegisterTest.registerTest(RegisterTest.java:42)
at java.base/java.util.ArrayList.forEach(ArrayList.java:1511)
... Removed 30 stack frames]]>
    </failure>
  </testcase> <!-- registerTest -->
</testsuite> <!-- AllTestsFromTestsPackage(failed) -->
